<?xml version="1.0" encoding="UTF-8" ?>
<testsuite tests="1" failures="1" name="StepDefinitions.TestRunner" time="14.092" errors="0" skipped="0">
  <properties>
[...]
</properties>
  <testcase classname="Amazon Product Search" name="Search for a product on Amazon" time="14.092">
    <failure type="java.lang.AssertionError">java.lang.AssertionError
	at org.junit.Assert.fail(Assert.java:87)
	at org.junit.Assert.assertTrue(Assert.java:42)
	at org.junit.Assert.assertTrue(Assert.java:53)
	at StepDefinitions.ProductSearchSteps.user_should_see_text_on_the_product_topic(ProductSearchSteps.java:70)
	at ✽.user should see text &quot;Nikon D3X&quot; on the product topic(file:///C:/Users/cj89e/eclipse-workspace/NordeaHomeTask/src/test/resources/Features/FindAmazonProduct.feature:9)
</failure>
    <system-err>Starting ChromeDriver 86.0.4240.22 (398b0743353ff36fb1b82468f63a3a93b4e2e89e-refs/branch-heads/4240@{#378}) on port 36709
Only local connections are allowed.
Please see https://chromedriver.chromium.org/security-considerations for suggestions on keeping ChromeDriver safe.
ChromeDriver was started successfully.
Nov 05, 2020 1:25:35 AM org.openqa.selenium.remote.ProtocolHandshake createSession
INFO: Detected dialect: W3C
</system-err>
  </testcase>
</testsuite>